/home/arthur/ros2_ws/install/my_panda_sim/lib/python3.10/site-packages/my_panda_sim/fk_solver.py
/home/arthur/ros2_ws/install/my_panda_sim/lib/python3.10/site-packages/my_panda_sim/test_matrix_chain.py
/home/arthur/ros2_ws/install/my_panda_sim/lib/python3.10/site-packages/my_panda_sim/MatrixChain.py
/home/arthur/ros2_ws/install/my_panda_sim/lib/python3.10/site-packages/my_panda_sim/fk_publisher.py
/home/arthur/ros2_ws/install/my_panda_sim/lib/python3.10/site-packages/my_panda_sim/day4_sim_node.py
/home/arthur/ros2_ws/install/my_panda_sim/lib/python3.10/site-packages/my_panda_sim/test_fk.py
/home/arthur/ros2_ws/install/my_panda_sim/lib/python3.10/site-packages/my_panda_sim/day5_ROS2_joint_state_publisher.py
/home/arthur/ros2_ws/install/my_panda_sim/lib/python3.10/site-packages/my_panda_sim/__init__.py
/home/arthur/ros2_ws/install/my_panda_sim/lib/python3.10/site-packages/my_panda_sim/utils.py
/home/arthur/ros2_ws/install/my_panda_sim/lib/python3.10/site-packages/my_panda_sim/day5_joint_test.py
/home/arthur/ros2_ws/install/my_panda_sim/lib/python3.10/site-packages/my_panda_sim/__pycache__/fk_solver.cpython-310.pyc
/home/arthur/ros2_ws/install/my_panda_sim/lib/python3.10/site-packages/my_panda_sim/__pycache__/test_matrix_chain.cpython-310.pyc
/home/arthur/ros2_ws/install/my_panda_sim/lib/python3.10/site-packages/my_panda_sim/__pycache__/MatrixChain.cpython-310.pyc
/home/arthur/ros2_ws/install/my_panda_sim/lib/python3.10/site-packages/my_panda_sim/__pycache__/fk_publisher.cpython-310.pyc
/home/arthur/ros2_ws/install/my_panda_sim/lib/python3.10/site-packages/my_panda_sim/__pycache__/day4_sim_node.cpython-310.pyc
/home/arthur/ros2_ws/install/my_panda_sim/lib/python3.10/site-packages/my_panda_sim/__pycache__/test_fk.cpython-310.pyc
/home/arthur/ros2_ws/install/my_panda_sim/lib/python3.10/site-packages/my_panda_sim/__pycache__/day5_ROS2_joint_state_publisher.cpython-310.pyc
/home/arthur/ros2_ws/install/my_panda_sim/lib/python3.10/site-packages/my_panda_sim/__pycache__/__init__.cpython-310.pyc
/home/arthur/ros2_ws/install/my_panda_sim/lib/python3.10/site-packages/my_panda_sim/__pycache__/utils.cpython-310.pyc
/home/arthur/ros2_ws/install/my_panda_sim/lib/python3.10/site-packages/my_panda_sim/__pycache__/day5_joint_test.cpython-310.pyc
/home/arthur/ros2_ws/install/my_panda_sim/share/ament_index/resource_index/packages/my_panda_sim
/home/arthur/ros2_ws/install/my_panda_sim/share/my_panda_sim/package.xml
/home/arthur/ros2_ws/install/my_panda_sim/share/my_panda_sim/launch/display.launch.py
/home/arthur/ros2_ws/install/my_panda_sim/share/my_panda_sim/rviz/display.rviz
/home/arthur/ros2_ws/install/my_panda_sim/lib/python3.10/site-packages/my_panda_sim-0.0.0-py3.10.egg-info/entry_points.txt
/home/arthur/ros2_ws/install/my_panda_sim/lib/python3.10/site-packages/my_panda_sim-0.0.0-py3.10.egg-info/dependency_links.txt
/home/arthur/ros2_ws/install/my_panda_sim/lib/python3.10/site-packages/my_panda_sim-0.0.0-py3.10.egg-info/top_level.txt
/home/arthur/ros2_ws/install/my_panda_sim/lib/python3.10/site-packages/my_panda_sim-0.0.0-py3.10.egg-info/PKG-INFO
/home/arthur/ros2_ws/install/my_panda_sim/lib/python3.10/site-packages/my_panda_sim-0.0.0-py3.10.egg-info/requires.txt
/home/arthur/ros2_ws/install/my_panda_sim/lib/python3.10/site-packages/my_panda_sim-0.0.0-py3.10.egg-info/SOURCES.txt
/home/arthur/ros2_ws/install/my_panda_sim/lib/python3.10/site-packages/my_panda_sim-0.0.0-py3.10.egg-info/zip-safe
/home/arthur/ros2_ws/install/my_panda_sim/lib/my_panda_sim/fk_publisher
