running egg_info
creating ../../build/my_panda_sim/my_panda_sim.egg-info
writing ../../build/my_panda_sim/my_panda_sim.egg-info/PKG-INFO
writing dependency_links to ../../build/my_panda_sim/my_panda_sim.egg-info/dependency_links.txt
writing entry points to ../../build/my_panda_sim/my_panda_sim.egg-info/entry_points.txt
writing requirements to ../../build/my_panda_sim/my_panda_sim.egg-info/requires.txt
writing top-level names to ../../build/my_panda_sim/my_panda_sim.egg-info/top_level.txt
writing manifest file '../../build/my_panda_sim/my_panda_sim.egg-info/SOURCES.txt'
reading manifest file '../../build/my_panda_sim/my_panda_sim.egg-info/SOURCES.txt'
writing manifest file '../../build/my_panda_sim/my_panda_sim.egg-info/SOURCES.txt'
running build
running build_py
creating /home/arthur/ros2_ws/build/my_panda_sim/build
creating /home/arthur/ros2_ws/build/my_panda_sim/build/lib
creating /home/arthur/ros2_ws/build/my_panda_sim/build/lib/my_panda_sim
copying my_panda_sim/__init__.py -> /home/arthur/ros2_ws/build/my_panda_sim/build/lib/my_panda_sim
running install
running install_lib
creating /home/arthur/ros2_ws/install/my_panda_sim/lib/python3.10/site-packages/my_panda_sim
copying /home/arthur/ros2_ws/build/my_panda_sim/build/lib/my_panda_sim/__init__.py -> /home/arthur/ros2_ws/install/my_panda_sim/lib/python3.10/site-packages/my_panda_sim
byte-compiling /home/arthur/ros2_ws/install/my_panda_sim/lib/python3.10/site-packages/my_panda_sim/__init__.py to __init__.cpython-310.pyc
running install_data
creating /home/arthur/ros2_ws/install/my_panda_sim/share/ament_index
creating /home/arthur/ros2_ws/install/my_panda_sim/share/ament_index/resource_index
creating /home/arthur/ros2_ws/install/my_panda_sim/share/ament_index/resource_index/packages
copying resource/my_panda_sim -> /home/arthur/ros2_ws/install/my_panda_sim/share/ament_index/resource_index/packages
copying package.xml -> /home/arthur/ros2_ws/install/my_panda_sim/share/my_panda_sim
running install_egg_info
Copying ../../build/my_panda_sim/my_panda_sim.egg-info to /home/arthur/ros2_ws/install/my_panda_sim/lib/python3.10/site-packages/my_panda_sim-0.0.0-py3.10.egg-info
running install_scripts
writing list of installed files to '/home/arthur/ros2_ws/build/my_panda_sim/install.log'
